1 2 4 3 
k=1
1 2 4 4 
2 4 4 
4 4 
3 
32
1 2 4 3 
k=2
0 1 2 3 
0 2 3 
0 3 
0 
14
1 2 4 3 
k=3
0 0 1 2 
0 0 2 
0 0 
0 
5
1 3 2 4 
k=1
1 3 3 4 
3 3 4 
2 4 
4 
31
1 3 2 4 
k=2
0 1 2 3 
0 2 3 
0 2 
0 
13
1 3 2 4 
k=3
0 0 1 2 
0 0 2 
0 0 
0 
5
1 3 4 2 
k=1
1 3 4 4 
3 4 4 
4 4 
2 
33
1 3 4 2 
k=2
0 1 3 3 
0 3 3 
0 2 
0 
15
1 3 4 2 
k=3
0 0 1 2 
0 0 2 
0 0 
0 
5
1 4 2 3 
k=1
1 4 4 4 
4 4 4 
2 3 
3 
33
1 4 2 3 
k=2
0 1 2 3 
0 2 3 
0 2 
0 
13
1 4 2 3 
k=3
0 0 1 2 
0 0 2 
0 0 
0 
5
1 4 3 2 
k=1
1 4 4 4 
4 4 4 
3 3 
2 
33
1 4 3 2 
k=2
0 1 3 3 
0 3 3 
0 2 
0 
15
1 4 3 2 
k=3
0 0 1 2 
0 0 2 
0 0 
0 
5
2 1 3 4 
k=1
2 2 3 4 
1 3 4 
3 4 
4 
30
2 1 3 4 
k=2
0 1 2 3 
0 1 3 
0 3 
0 
13
2 1 3 4 
k=3
0 0 1 2 
0 0 1 
0 0 
0 
4
2 1 4 3 
k=1
2 2 4 4 
1 4 4 
4 4 
3 
32
2 1 4 3 
k=2
0 1 2 3 
0 1 3 
0 3 
0 
13
2 1 4 3 
k=3
0 0 1 2 
0 0 1 
0 0 
0 
4
2 3 1 4 
k=1
2 3 3 4 
3 3 4 
1 4 
4 
31
2 3 1 4 
k=2
0 2 2 3 
0 1 3 
0 1 
0 
12
2 3 1 4 
k=3
0 0 1 2 
0 0 1 
0 0 
0 
4
2 3 4 1 
k=1
2 3 4 4 
3 4 4 
4 4 
1 
33
2 3 4 1 
k=2
0 2 3 3 
0 3 3 
0 1 
0 
15
2 3 4 1 
k=3
0 0 2 2 
0 0 1 
0 0 
0 
5
2 4 1 3 
k=1
2 4 4 4 
4 4 4 
1 3 
3 
33
2 4 1 3 
k=2
0 2 2 3 
0 1 3 
0 1 
0 
12
2 4 1 3 
k=3
0 0 1 2 
0 0 1 
0 0 
0 
4
2 4 3 1 
k=1
2 4 4 4 
4 4 4 
3 3 
1 
33
2 4 3 1 
k=2
0 2 3 3 
0 3 3 
0 1 
0 
15
2 4 3 1 
k=3
0 0 2 2 
0 0 1 
0 0 
0 
5
3 1 2 4 
k=1
3 3 3 4 
1 2 4 
2 4 
4 
30
3 1 2 4 
k=2
0 1 2 3 
0 1 2 
0 2 
0 
11
3 1 2 4 
k=3
0 0 1 2 
0 0 1 
0 0 
0 
4
3 1 4 2 
k=1
3 3 4 4 
1 4 4 
4 4 
2 
33
3 1 4 2 
k=2
0 1 3 3 
0 1 2 
0 2 
0 
12
3 1 4 2 
k=3
0 0 1 2 
0 0 1 
0 0 
0 
4
3 2 1 4 
k=1
3 3 3 4 
2 2 4 
1 4 
4 
30
3 2 1 4 
k=2
0 2 2 3 
0 1 2 
0 1 
0 
11
3 2 1 4 
k=3
0 0 1 2 
0 0 1 
0 0 
0 
4
3 2 4 1 
k=1
3 3 4 4 
2 4 4 
4 4 
1 
33
3 2 4 1 
k=2
0 2 3 3 
0 2 2 
0 1 
0 
13
3 2 4 1 
k=3
0 0 2 2 
0 0 1 
0 0 
0 
5
3 4 1 2 
k=1
3 4 4 4 
4 4 4 
1 2 
2 
32
3 4 1 2 
k=2
0 3 3 3 
0 1 2 
0 1 
0 
13
3 4 1 2 
k=3
0 0 1 2 
0 0 1 
0 0 
0 
4
3 4 2 1 
k=1
3 4 4 4 
4 4 4 
2 2 
1 
32
3 4 2 1 
k=2
0 3 3 3 
0 2 2 
0 1 
0 
14
3 4 2 1 
k=3
0 0 2 2 
0 0 1 
0 0 
0 
5
4 1 2 3 
k=1
4 4 4 4 
1 2 3 
2 3 
3 
30
4 1 2 3 
k=2
0 1 2 3 
0 1 2 
0 2 
0 
11
4 1 2 3 
k=3
0 0 1 2 
0 0 1 
0 0 
0 
4
4 1 3 2 
k=1
4 4 4 4 
1 3 3 
3 3 
2 
31
4 1 3 2 
k=2
0 1 3 3 
0 1 2 
0 2 
0 
12
4 1 3 2 
k=3
0 0 1 2 
0 0 1 
0 0 
0 
4
4 2 1 3 
k=1
4 4 4 4 
2 2 3 
1 3 
3 
30
4 2 1 3 
k=2
0 2 2 3 
0 1 2 
0 1 
0 
11
4 2 1 3 
k=3
0 0 1 2 
0 0 1 
0 0 
0 
4
4 2 3 1 
k=1
4 4 4 4 
2 3 3 
3 3 
1 
31
4 2 3 1 
k=2
0 2 3 3 
0 2 2 
0 1 
0 
13
4 2 3 1 
k=3
0 0 2 2 
0 0 1 
0 0 
0 
5
4 3 1 2 
k=1
4 4 4 4 
3 3 3 
1 2 
2 
30
4 3 1 2 
k=2
0 3 3 3 
0 1 2 
0 1 
0 
13
4 3 1 2 
k=3
0 0 1 2 
0 0 1 
0 0 
0 
4
4 3 2 1 
k=1
4 4 4 4 
3 3 3 
2 2 
1 
30
4 3 2 1 
k=2
0 3 3 3 
0 2 2 
0 1 
0 
14
4 3 2 1 
k=3
0 0 2 2 
0 0 1 
0 0 
0 
5
